C:\USERS\BEN\DOCUMENTS\VISUAL STUDIO 2012\PROJECTS\MONOPOLY\MONOPOLY\DEBUG\MONOPOLY.PCH
C:\USERS\BEN\DOCUMENTS\VISUAL STUDIO 2012\PROJECTS\MONOPOLY\MONOPOLY\DEBUG\STDAFX.OBJ
C:\USERS\BEN\DOCUMENTS\VISUAL STUDIO 2012\PROJECTS\MONOPOLY\MONOPOLY\DEBUG\VC110.PDB
C:\USERS\BEN\DOCUMENTS\VISUAL STUDIO 2012\PROJECTS\MONOPOLY\MONOPOLY\DEBUG\COWNABLESQUARE.OBJ
C:\USERS\BEN\DOCUMENTS\VISUAL STUDIO 2012\PROJECTS\MONOPOLY\MONOPOLY\DEBUG\CPLAYER.OBJ
C:\USERS\BEN\DOCUMENTS\VISUAL STUDIO 2012\PROJECTS\MONOPOLY\MONOPOLY\DEBUG\CPROPERTY.OBJ
C:\USERS\BEN\DOCUMENTS\VISUAL STUDIO 2012\PROJECTS\MONOPOLY\MONOPOLY\DEBUG\CRETAILPARK.OBJ
C:\USERS\BEN\DOCUMENTS\VISUAL STUDIO 2012\PROJECTS\MONOPOLY\MONOPOLY\DEBUG\RANDOM.OBJ
C:\USERS\BEN\DOCUMENTS\VISUAL STUDIO 2012\PROJECTS\MONOPOLY\MONOPOLY\DEBUG\CSQUARE.OBJ
C:\USERS\BEN\DOCUMENTS\VISUAL STUDIO 2012\PROJECTS\MONOPOLY\MONOPOLY\DEBUG\MONOPOLY.OBJ
C:\USERS\BEN\DOCUMENTS\VISUAL STUDIO 2012\PROJECTS\MONOPOLY\MONOPOLY\DEBUG\MAIN.OBJ
C:\USERS\BEN\DOCUMENTS\VISUAL STUDIO 2012\PROJECTS\MONOPOLY\MONOPOLY\DEBUG\CSPECIALSQUARE.OBJ
C:\USERS\BEN\DOCUMENTS\VISUAL STUDIO 2012\PROJECTS\MONOPOLY\DEBUG\MONOPOLY.ILK
C:\USERS\BEN\DOCUMENTS\VISUAL STUDIO 2012\PROJECTS\MONOPOLY\DEBUG\MONOPOLY.EXE
C:\USERS\BEN\DOCUMENTS\VISUAL STUDIO 2012\PROJECTS\MONOPOLY\DEBUG\MONOPOLY.PDB
C:\Users\Ben\Documents\Visual Studio 2012\Projects\Monopoly\Monopoly\Debug\COwnableSquare.obj
C:\Users\Ben\Documents\Visual Studio 2012\Projects\Monopoly\Monopoly\Debug\CPlayer.obj
C:\Users\Ben\Documents\Visual Studio 2012\Projects\Monopoly\Monopoly\Debug\CProperty.obj
C:\Users\Ben\Documents\Visual Studio 2012\Projects\Monopoly\Monopoly\Debug\CRetailPark.obj
C:\Users\Ben\Documents\Visual Studio 2012\Projects\Monopoly\Monopoly\Debug\CSpecialSquare.obj
C:\Users\Ben\Documents\Visual Studio 2012\Projects\Monopoly\Monopoly\Debug\CSquare.obj
C:\Users\Ben\Documents\Visual Studio 2012\Projects\Monopoly\Monopoly\Debug\Main.obj
C:\Users\Ben\Documents\Visual Studio 2012\Projects\Monopoly\Monopoly\Debug\Monopoly.obj
C:\Users\Ben\Documents\Visual Studio 2012\Projects\Monopoly\Monopoly\Debug\Random.obj
C:\Users\Ben\Documents\Visual Studio 2012\Projects\Monopoly\Monopoly\Debug\stdafx.obj
C:\Users\Ben\Documents\Visual Studio 2012\Projects\Monopoly\Monopoly\Debug\cl.command.1.tlog
C:\Users\Ben\Documents\Visual Studio 2012\Projects\Monopoly\Monopoly\Debug\CL.read.1.tlog
C:\Users\Ben\Documents\Visual Studio 2012\Projects\Monopoly\Monopoly\Debug\CL.write.1.tlog
C:\Users\Ben\Documents\Visual Studio 2012\Projects\Monopoly\Monopoly\Debug\link-cvtres.read.1.tlog
C:\Users\Ben\Documents\Visual Studio 2012\Projects\Monopoly\Monopoly\Debug\link-cvtres.write.1.tlog
C:\Users\Ben\Documents\Visual Studio 2012\Projects\Monopoly\Monopoly\Debug\link-rc.read.1.tlog
C:\Users\Ben\Documents\Visual Studio 2012\Projects\Monopoly\Monopoly\Debug\link-rc.write.1.tlog
C:\Users\Ben\Documents\Visual Studio 2012\Projects\Monopoly\Monopoly\Debug\link.12360-cvtres.read.1.tlog
C:\Users\Ben\Documents\Visual Studio 2012\Projects\Monopoly\Monopoly\Debug\link.12360-cvtres.write.1.tlog
C:\Users\Ben\Documents\Visual Studio 2012\Projects\Monopoly\Monopoly\Debug\link.12360-rc.read.1.tlog
C:\Users\Ben\Documents\Visual Studio 2012\Projects\Monopoly\Monopoly\Debug\link.12360-rc.write.1.tlog
C:\Users\Ben\Documents\Visual Studio 2012\Projects\Monopoly\Monopoly\Debug\link.12360.read.1.tlog
C:\Users\Ben\Documents\Visual Studio 2012\Projects\Monopoly\Monopoly\Debug\link.12360.write.1.tlog
C:\Users\Ben\Documents\Visual Studio 2012\Projects\Monopoly\Monopoly\Debug\link.13316-cvtres.read.1.tlog
C:\Users\Ben\Documents\Visual Studio 2012\Projects\Monopoly\Monopoly\Debug\link.13316-cvtres.write.1.tlog
C:\Users\Ben\Documents\Visual Studio 2012\Projects\Monopoly\Monopoly\Debug\link.13316-rc.read.1.tlog
C:\Users\Ben\Documents\Visual Studio 2012\Projects\Monopoly\Monopoly\Debug\link.13316-rc.write.1.tlog
C:\Users\Ben\Documents\Visual Studio 2012\Projects\Monopoly\Monopoly\Debug\link.13316.read.1.tlog
C:\Users\Ben\Documents\Visual Studio 2012\Projects\Monopoly\Monopoly\Debug\link.13316.write.1.tlog
C:\Users\Ben\Documents\Visual Studio 2012\Projects\Monopoly\Monopoly\Debug\link.14012-cvtres.read.1.tlog
C:\Users\Ben\Documents\Visual Studio 2012\Projects\Monopoly\Monopoly\Debug\link.14012-cvtres.write.1.tlog
C:\Users\Ben\Documents\Visual Studio 2012\Projects\Monopoly\Monopoly\Debug\link.14012-rc.read.1.tlog
C:\Users\Ben\Documents\Visual Studio 2012\Projects\Monopoly\Monopoly\Debug\link.14012-rc.write.1.tlog
C:\Users\Ben\Documents\Visual Studio 2012\Projects\Monopoly\Monopoly\Debug\link.14012.read.1.tlog
C:\Users\Ben\Documents\Visual Studio 2012\Projects\Monopoly\Monopoly\Debug\link.14012.write.1.tlog
C:\Users\Ben\Documents\Visual Studio 2012\Projects\Monopoly\Monopoly\Debug\link.14180-cvtres.read.1.tlog
C:\Users\Ben\Documents\Visual Studio 2012\Projects\Monopoly\Monopoly\Debug\link.14180-cvtres.write.1.tlog
C:\Users\Ben\Documents\Visual Studio 2012\Projects\Monopoly\Monopoly\Debug\link.14180-rc.read.1.tlog
C:\Users\Ben\Documents\Visual Studio 2012\Projects\Monopoly\Monopoly\Debug\link.14180-rc.write.1.tlog
C:\Users\Ben\Documents\Visual Studio 2012\Projects\Monopoly\Monopoly\Debug\link.14180.read.1.tlog
C:\Users\Ben\Documents\Visual Studio 2012\Projects\Monopoly\Monopoly\Debug\link.14180.write.1.tlog
C:\Users\Ben\Documents\Visual Studio 2012\Projects\Monopoly\Monopoly\Debug\link.2704-cvtres.read.1.tlog
C:\Users\Ben\Documents\Visual Studio 2012\Projects\Monopoly\Monopoly\Debug\link.2704-cvtres.write.1.tlog
C:\Users\Ben\Documents\Visual Studio 2012\Projects\Monopoly\Monopoly\Debug\link.2704-rc.read.1.tlog
C:\Users\Ben\Documents\Visual Studio 2012\Projects\Monopoly\Monopoly\Debug\link.2704-rc.write.1.tlog
C:\Users\Ben\Documents\Visual Studio 2012\Projects\Monopoly\Monopoly\Debug\link.2704.read.1.tlog
C:\Users\Ben\Documents\Visual Studio 2012\Projects\Monopoly\Monopoly\Debug\link.2704.write.1.tlog
C:\Users\Ben\Documents\Visual Studio 2012\Projects\Monopoly\Monopoly\Debug\link.3420-cvtres.read.1.tlog
C:\Users\Ben\Documents\Visual Studio 2012\Projects\Monopoly\Monopoly\Debug\link.3420-cvtres.write.1.tlog
C:\Users\Ben\Documents\Visual Studio 2012\Projects\Monopoly\Monopoly\Debug\link.3420-rc.read.1.tlog
C:\Users\Ben\Documents\Visual Studio 2012\Projects\Monopoly\Monopoly\Debug\link.3420-rc.write.1.tlog
C:\Users\Ben\Documents\Visual Studio 2012\Projects\Monopoly\Monopoly\Debug\link.3420.read.1.tlog
C:\Users\Ben\Documents\Visual Studio 2012\Projects\Monopoly\Monopoly\Debug\link.3420.write.1.tlog
C:\Users\Ben\Documents\Visual Studio 2012\Projects\Monopoly\Monopoly\Debug\link.5508-cvtres.read.1.tlog
C:\Users\Ben\Documents\Visual Studio 2012\Projects\Monopoly\Monopoly\Debug\link.5508-cvtres.write.1.tlog
C:\Users\Ben\Documents\Visual Studio 2012\Projects\Monopoly\Monopoly\Debug\link.5508-rc.read.1.tlog
C:\Users\Ben\Documents\Visual Studio 2012\Projects\Monopoly\Monopoly\Debug\link.5508-rc.write.1.tlog
C:\Users\Ben\Documents\Visual Studio 2012\Projects\Monopoly\Monopoly\Debug\link.5508.read.1.tlog
C:\Users\Ben\Documents\Visual Studio 2012\Projects\Monopoly\Monopoly\Debug\link.5508.write.1.tlog
C:\Users\Ben\Documents\Visual Studio 2012\Projects\Monopoly\Monopoly\Debug\link.6072-cvtres.read.1.tlog
C:\Users\Ben\Documents\Visual Studio 2012\Projects\Monopoly\Monopoly\Debug\link.6072-cvtres.write.1.tlog
C:\Users\Ben\Documents\Visual Studio 2012\Projects\Monopoly\Monopoly\Debug\link.6072-rc.read.1.tlog
C:\Users\Ben\Documents\Visual Studio 2012\Projects\Monopoly\Monopoly\Debug\link.6072-rc.write.1.tlog
C:\Users\Ben\Documents\Visual Studio 2012\Projects\Monopoly\Monopoly\Debug\link.6072.read.1.tlog
C:\Users\Ben\Documents\Visual Studio 2012\Projects\Monopoly\Monopoly\Debug\link.6072.write.1.tlog
C:\Users\Ben\Documents\Visual Studio 2012\Projects\Monopoly\Monopoly\Debug\link.6632-cvtres.read.1.tlog
C:\Users\Ben\Documents\Visual Studio 2012\Projects\Monopoly\Monopoly\Debug\link.6632-cvtres.write.1.tlog
C:\Users\Ben\Documents\Visual Studio 2012\Projects\Monopoly\Monopoly\Debug\link.6632-rc.read.1.tlog
C:\Users\Ben\Documents\Visual Studio 2012\Projects\Monopoly\Monopoly\Debug\link.6632-rc.write.1.tlog
C:\Users\Ben\Documents\Visual Studio 2012\Projects\Monopoly\Monopoly\Debug\link.6632.read.1.tlog
C:\Users\Ben\Documents\Visual Studio 2012\Projects\Monopoly\Monopoly\Debug\link.6632.write.1.tlog
C:\Users\Ben\Documents\Visual Studio 2012\Projects\Monopoly\Monopoly\Debug\link.9212-cvtres.read.1.tlog
C:\Users\Ben\Documents\Visual Studio 2012\Projects\Monopoly\Monopoly\Debug\link.9212-cvtres.write.1.tlog
C:\Users\Ben\Documents\Visual Studio 2012\Projects\Monopoly\Monopoly\Debug\link.9212-rc.read.1.tlog
C:\Users\Ben\Documents\Visual Studio 2012\Projects\Monopoly\Monopoly\Debug\link.9212-rc.write.1.tlog
C:\Users\Ben\Documents\Visual Studio 2012\Projects\Monopoly\Monopoly\Debug\link.9212.read.1.tlog
C:\Users\Ben\Documents\Visual Studio 2012\Projects\Monopoly\Monopoly\Debug\link.9212.write.1.tlog
C:\Users\Ben\Documents\Visual Studio 2012\Projects\Monopoly\Monopoly\Debug\link.command.1.tlog
C:\Users\Ben\Documents\Visual Studio 2012\Projects\Monopoly\Monopoly\Debug\link.read.1.tlog
C:\Users\Ben\Documents\Visual Studio 2012\Projects\Monopoly\Monopoly\Debug\link.write.1.tlog
C:\Users\Ben\Documents\Visual Studio 2012\Projects\Monopoly\Monopoly\Debug\Monopoly.pch
C:\Users\Ben\Documents\Visual Studio 2012\Projects\Monopoly\Monopoly\Debug\vc110.idb
C:\Users\Ben\Documents\Visual Studio 2012\Projects\Monopoly\Monopoly\Debug\vc110.pdb
C:\Users\Ben\Documents\Visual Studio 2012\Projects\Monopoly\Debug\Monopoly.pdb
C:\Users\Ben\Documents\Visual Studio 2012\Projects\Monopoly\Debug\Monopoly.exe
C:\Users\Ben\Documents\Visual Studio 2012\Projects\Monopoly\Debug\Monopoly.ilk
